<?xml version="1.0" encoding="UTF-8"?>
<testsuite name="com.hundredwordsgof.flyweightobserver.FlyweightTest" tests="6" skipped="0" failures="0" errors="0" timestamp="2018-04-17T23:46:36" hostname="Scotts-MacBook-Air.local" time="0.029">
  <properties/>
  <testcase name="tests1()" classname="com.hundredwordsgof.flyweightobserver.FlyweightTest" time="0.017"/>
  <testcase name="tests2()" classname="com.hundredwordsgof.flyweightobserver.FlyweightTest" time="0.001"/>
  <testcase name="tests4()" classname="com.hundredwordsgof.flyweightobserver.FlyweightTest" time="0.001"/>
  <testcase name="test3()" classname="com.hundredwordsgof.flyweightobserver.FlyweightTest" time="0.001"/>
  <testcase name="newTest1()" classname="com.hundredwordsgof.flyweightobserver.FlyweightTest" time="0.002"/>
  <testcase name="newTest2()" classname="com.hundredwordsgof.flyweightobserver.FlyweightTest" time="0.001"/>
  <system-out><![CDATA[]]></system-out>
  <system-err><![CDATA[]]></system-err>
</testsuite>
